<?xml version="1.0" encoding="UTF-8"?>
<!-- Generated by org.testng.reporters.JUnitReportReporter -->
<testsuite hostname="LAPTOP-6BVKQLLS" failures="0" tests="4" name="restAssuredFramework.basicMethods" time="6.198" errors="0" timestamp="2025-01-04T21:06:19 IST" skipped="0">
  <testcase classname="restAssuredFramework.basicMethods" name="getUser" time="2.945"/>
  <system-out/>
  <testcase classname="restAssuredFramework.basicMethods" name="createUsers" time="1.701"/>
  <system-out/>
  <testcase classname="restAssuredFramework.basicMethods" name="updateUsers" time="0.364"/>
  <system-out/>
  <testcase classname="restAssuredFramework.basicMethods" name="deleteUsers" time="1.188"/>
  <system-out/>
</testsuite> <!-- restAssuredFramework.basicMethods -->
