<?xml version="1.0" encoding="UTF-8"?>
<!-- Generated by org.testng.reporters.JUnitReportReporter -->
<testsuite hostname="LAPTOP-6BVKQLLS" failures="0" tests="1" name="restAssuredFramework.diffWaysToCreatePostRequestBody" time="2.029" errors="0" timestamp="2025-01-05T19:31:16 IST" skipped="0">
  <testcase classname="restAssuredFramework.diffWaysToCreatePostRequestBody" name="testPOSTusingExternalJSONFile" time="2.029"/>
  <system-out/>
</testsuite> <!-- restAssuredFramework.diffWaysToCreatePostRequestBody -->
